This is pdfTeX, Version 3.1415926-2.5-1.40.14 (TeX Live 2013/Debian) (format=pdflatex 2014.12.7)  10 DEC 2014 23:28
entering extended mode
 restricted \write18 enabled.
 %&-line parsing enabled.
**main.tex
(./main.tex
LaTeX2e <2011/06/27>
Babel <3.9h> and hyphenation patterns for 78 languages loaded.
(/usr/share/texlive/texmf-dist/tex/latex/koma-script/scrbook.cls
Document Class: scrbook 2013/12/19 v3.12 KOMA-Script document class (book)
(/usr/share/texlive/texmf-dist/tex/latex/koma-script/scrkbase.sty
Package: scrkbase 2013/12/19 v3.12 KOMA-Script package (KOMA-Script-dependent b
asics and keyval usage)

(/usr/share/texlive/texmf-dist/tex/latex/koma-script/scrbase.sty
Package: scrbase 2013/12/19 v3.12 KOMA-Script package (KOMA-Script-independent 
basics and keyval usage)

(/usr/share/texlive/texmf-dist/tex/latex/graphics/keyval.sty
Package: keyval 1999/03/16 v1.13 key=value parser (DPC)
\KV@toks@=\toks14
)
(/usr/share/texlive/texmf-dist/tex/latex/koma-script/scrlfile.sty
Package: scrlfile 2013/12/19 v3.12 KOMA-Script package (loading files)

Package scrlfile, 2013/12/19 v3.12 KOMA-Script package (loading files)
                  Copyright (C) Markus Kohm

))) (/usr/share/texlive/texmf-dist/tex/latex/koma-script/tocbasic.sty
Package: tocbasic 2013/12/19 v3.12 KOMA-Script package (handling toc-files)
)
Package tocbasic Info: omitting babel extension for `toc'
(tocbasic)             because of feature `nobabel' available
(tocbasic)             for `toc' on input line 117.
Package tocbasic Info: omitting babel extension for `lof'
(tocbasic)             because of feature `nobabel' available
(tocbasic)             for `lof' on input line 118.
Package tocbasic Info: omitting babel extension for `lot'
(tocbasic)             because of feature `nobabel' available
(tocbasic)             for `lot' on input line 119.
Package tocbasic Info: defining new hook before heading of `' on input line 111
8.
Package scrbook Info: You've used standard option `12pt'.
(scrbook)             This is correct!
(scrbook)             Internally I'm using `fontsize=12pt'.
(scrbook)             If you'd like to set the option with \KOMAoptions,
(scrbook)             you'd have to use `fontsize=12pt' there
(scrbook)             instead of `12pt', too.


Class scrbook Warning: You've used obsolete option `bibtotoc'.
(scrbook)              Usage of this option indicates an old document and
(scrbook)              is deprecated.
(scrbook)              You should simply replace
(scrbook)              usage of option `bibtotoc' by `bibliography=totoc'.

Class scrbook Info: Switching compatibility level to `first'.

Class scrbook Warning: You've used obsolete option `idxtotoc'.
(scrbook)              Usage of this option indicates an old document and
(scrbook)              is deprecated.
(scrbook)              You should simply replace
(scrbook)              usage of option `idxtotoc' by `index=totoc'.

Class scrbook Info: Switching compatibility level to `first'.
Class scrbook Info: File `scrsize12pt.clo' used to setup font sizes on input li
ne 1655.
(/usr/share/texlive/texmf-dist/tex/latex/koma-script/scrsize12pt.clo
File: scrsize12pt.clo 2013/12/19 v3.12 KOMA-Script font size class option (12pt
)
)
(/usr/share/texlive/texmf-dist/tex/latex/koma-script/typearea.sty
Package: typearea 2013/12/19 v3.12 KOMA-Script package (type area)

Package typearea, 2013/12/19 v3.12 KOMA-Script package (type area)
                  Copyright (C) Frank Neukam, 1992-1994
                  Copyright (C) Markus Kohm, 1994-

\ta@bcor=\skip41
\ta@div=\count79
Package typearea Info: You've used standard option `a4paper'.
(typearea)             This is correct!
(typearea)             Internally I'm using `paper=a4'.
(typearea)             If you'd like to set the option with \KOMAoptions,
(typearea)             you'd have to use `paper=a4' there
(typearea)             instead of `a4paper', too.

Package typearea Warning: You've used obsolete option `footexclude'.
(typearea)                Usage of this option indicates an old document and
(typearea)                is deprecated.
(typearea)                You should simply replace
(typearea)                usage of option `footexclude' by `footinclude=false'.


Package scrextend Info: Switching compatibility level to `first'.
\ta@hblk=\skip42
\ta@vblk=\skip43
\ta@temp=\skip44
\footheight=\skip45
Package typearea Info: These are the values describing the layout:
(typearea)             DIV  = 13
(typearea)             BCOR = 34.1433pt
(typearea)             \paperwidth      = 597.50793pt
(typearea)              \textwidth      = 433.35742pt
(typearea)              DIV departure   = -2%
(typearea)              \evensidemargin = 14.40149pt
(typearea)              \oddsidemargin  = 5.20905pt
(typearea)             \paperheight     = 845.04694pt
(typearea)              \textheight     = 621.0pt
(typearea)              \topmargin      = -7.26639pt
(typearea)              \headheight     = 18.125pt
(typearea)              \headsep        = 21.75pt
(typearea)              \topskip        = 12.0pt
(typearea)              \footskip       = 50.75pt
(typearea)              \baselineskip   = 14.5pt
(typearea)              on input line 1330.
)
\c@part=\count80
\c@chapter=\count81
\c@section=\count82
\c@subsection=\count83
\c@subsubsection=\count84
\c@paragraph=\count85
\c@subparagraph=\count86
\abovecaptionskip=\skip46
\belowcaptionskip=\skip47
\c@pti@nb@sid@b@x=\box26
\c@figure=\count87
\c@table=\count88
\bibindent=\dimen102
) (/usr/share/texlive/texmf-dist/tex/latex/geometry/geometry.sty
Package: geometry 2010/09/12 v5.6 Page Geometry

(/usr/share/texlive/texmf-dist/tex/generic/oberdiek/ifpdf.sty
Package: ifpdf 2011/01/30 v2.3 Provides the ifpdf switch (HO)
Package ifpdf Info: pdfTeX in PDF mode is detected.
)
(/usr/share/texlive/texmf-dist/tex/generic/oberdiek/ifvtex.sty
Package: ifvtex 2010/03/01 v1.5 Detect VTeX and its facilities (HO)
Package ifvtex Info: VTeX not detected.
)
(/usr/share/texlive/texmf-dist/tex/generic/ifxetex/ifxetex.sty
Package: ifxetex 2010/09/12 v0.6 Provides ifxetex conditional
)
\Gm@cnth=\count89
\Gm@cntv=\count90
\c@Gm@tempcnt=\count91
\Gm@bindingoffset=\dimen103
\Gm@wd@mp=\dimen104
\Gm@odd@mp=\dimen105
\Gm@even@mp=\dimen106
\Gm@layoutwidth=\dimen107
\Gm@layoutheight=\dimen108
\Gm@layouthoffset=\dimen109
\Gm@layoutvoffset=\dimen110
\Gm@dimlist=\toks15
)
(./components/info.tex) (./components/settings.tex
(/usr/share/texlive/texmf-dist/tex/latex/koma-script/scrpage2.sty
Package: scrpage2 2013/12/19 v3.12 KOMA-Script package (page head and foot)
LaTeX Info: Redefining \pagemark on input line 174.
)
(/usr/share/texlive/texmf-dist/tex/latex/base/ifthen.sty
Package: ifthen 2001/05/26 v1.1c Standard LaTeX ifthen package (DPC)
)
(/usr/share/texlive/texmf-dist/tex/latex/algorithms/algorithm.sty
Package: algorithm 2009/08/24 v0.1 Document Style `algorithm' - floating enviro
nment

(/usr/share/texlive/texmf-dist/tex/latex/float/float.sty
Package: float 2001/11/08 v1.3d Float enhancements (AL)
\c@float@type=\count92
\float@exts=\toks16
\float@box=\box27
\@float@everytoks=\toks17
\@floatcapt=\box28
)
\@float@every@algorithm=\toks18
\c@algorithm=\count93
)
(/usr/share/texlive/texmf-dist/tex/latex/algorithmicx/algpseudocode.sty
Package: algpseudocode 

(/usr/share/texlive/texmf-dist/tex/latex/algorithmicx/algorithmicx.sty
Package: algorithmicx 2005/04/27 v1.2 Algorithmicx

Document Style algorithmicx 1.2 - a greatly improved `algorithmic' style
\c@ALG@line=\count94
\c@ALG@rem=\count95
\c@ALG@nested=\count96
\ALG@tlm=\skip48
\ALG@thistlm=\skip49
\c@ALG@Lnr=\count97
\c@ALG@blocknr=\count98
\c@ALG@storecount=\count99
\c@ALG@tmpcounter=\count100
\ALG@tmplength=\skip50
)
Document Style - pseudocode environments for use with the `algorithmicx' style
) (/usr/share/texlive/texmf-dist/tex/latex/lipsum/lipsum.sty
Package: lipsum 2011/04/14 v1.2 150 paragraphs of Lorem Ipsum dummy text
\c@lips@count=\count101
)
(/usr/share/texlive/texmf-dist/tex/latex/graphics/color.sty
Package: color 2005/11/14 v1.0j Standard LaTeX Color (DPC)

(/usr/share/texlive/texmf-dist/tex/latex/latexconfig/color.cfg
File: color.cfg 2007/01/18 v1.5 color configuration of teTeX/TeXLive
)
Package color Info: Driver file: pdftex.def on input line 130.

(/usr/share/texlive/texmf-dist/tex/latex/pdftex-def/pdftex.def
File: pdftex.def 2011/05/27 v0.06d Graphics/color for pdfTeX

(/usr/share/texlive/texmf-dist/tex/generic/oberdiek/infwarerr.sty
Package: infwarerr 2010/04/08 v1.3 Providing info/warning/error messages (HO)
)
(/usr/share/texlive/texmf-dist/tex/generic/oberdiek/ltxcmds.sty
Package: ltxcmds 2011/11/09 v1.22 LaTeX kernel commands for general use (HO)
)
\Gread@gobject=\count102
)
(/usr/share/texlive/texmf-dist/tex/latex/graphics/dvipsnam.def
File: dvipsnam.def 1999/02/16 v3.0i Driver-dependant file (DPC,SPQR)
))
(/usr/share/texlive/texmf-dist/tex/latex/psnfss/palatino.sty
Package: palatino 2005/04/12 PSNFSS-v9.2a (SPQR) 
)
(/usr/share/texlive/texmf-dist/tex/latex/psnfss/pifont.sty
Package: pifont 2005/04/12 PSNFSS-v9.2a Pi font support (SPQR) 
LaTeX Font Info:    Try loading font information for U+pzd on input line 63.

(/usr/share/texlive/texmf-dist/tex/latex/psnfss/upzd.fd
File: upzd.fd 2001/06/04 font definitions for U/pzd.
)
LaTeX Font Info:    Try loading font information for U+psy on input line 64.

(/usr/share/texlive/texmf-dist/tex/latex/psnfss/upsy.fd
File: upsy.fd 2001/06/04 font definitions for U/psy.
))
(/usr/share/texlive/texmf-dist/tex/generic/thumbpdf/thumbpdf.sty
Package: thumbpdf 2012/04/18 v3.15 Inclusion of thumbnails (HO)


Package thumbpdf Warning: Compressed PDF objects of PDF 1.5 are not supported.


Package thumbpdf Warning: Thumbnail data file `main.tpt' not found.

) (/usr/share/texlive/texmf-dist/tex/latex/subfigure/subfigure.sty
Package: subfigure 2002/03/15 v2.1.5 subfigure package
\subfigtopskip=\skip51
\subfigcapskip=\skip52
\subfigcaptopadj=\dimen111
\subfigbottomskip=\skip53
\subfigcapmargin=\dimen112
\subfiglabelskip=\skip54
\c@subfigure=\count103
\c@lofdepth=\count104
\c@subtable=\count105
\c@lotdepth=\count106

****************************************
* Local config file subfigure.cfg used *
****************************************
(/usr/share/texlive/texmf-dist/tex/latex/subfigure/subfigure.cfg)
\subfig@top=\skip55
\subfig@bottom=\skip56
)
(/usr/share/texlive/texmf-dist/tex/latex/colortbl/colortbl.sty
Package: colortbl 2012/02/13 v1.0a Color table columns (DPC)

(/usr/share/texlive/texmf-dist/tex/latex/tools/array.sty
Package: array 2008/09/09 v2.4c Tabular extension package (FMi)
\col@sep=\dimen113
\extrarowheight=\dimen114
\NC@list=\toks19
\extratabsurround=\skip57
\backup@length=\skip58
)
\everycr=\toks20
\minrowclearance=\skip59
)
(./styles/tumlogo.sty)
(/usr/share/texlive/texmf-dist/tex/latex/multirow/multirow.sty
\bigstrutjot=\dimen115
)
(/usr/share/texlive/texmf-dist/tex/latex/amsmath/amsmath.sty
Package: amsmath 2013/01/14 v2.14 AMS math features
\@mathmargin=\skip60

For additional information on amsmath, use the `?' option.
(/usr/share/texlive/texmf-dist/tex/latex/amsmath/amstext.sty
Package: amstext 2000/06/29 v2.01

(/usr/share/texlive/texmf-dist/tex/latex/amsmath/amsgen.sty
File: amsgen.sty 1999/11/30 v2.0
\@emptytoks=\toks21
\ex@=\dimen116
))
(/usr/share/texlive/texmf-dist/tex/latex/amsmath/amsbsy.sty
Package: amsbsy 1999/11/29 v1.2d
\pmbraise@=\dimen117
)
(/usr/share/texlive/texmf-dist/tex/latex/amsmath/amsopn.sty
Package: amsopn 1999/12/14 v2.01 operator names
)
\inf@bad=\count107
LaTeX Info: Redefining \frac on input line 210.
\uproot@=\count108
\leftroot@=\count109
LaTeX Info: Redefining \overline on input line 306.
\classnum@=\count110
\DOTSCASE@=\count111
LaTeX Info: Redefining \ldots on input line 378.
LaTeX Info: Redefining \dots on input line 381.
LaTeX Info: Redefining \cdots on input line 466.
\Mathstrutbox@=\box29
\strutbox@=\box30
\big@size=\dimen118
LaTeX Font Info:    Redeclaring font encoding OML on input line 566.
LaTeX Font Info:    Redeclaring font encoding OMS on input line 567.
\macc@depth=\count112
\c@MaxMatrixCols=\count113
\dotsspace@=\muskip10
\c@parentequation=\count114
\dspbrk@lvl=\count115
\tag@help=\toks22
\row@=\count116
\column@=\count117
\maxfields@=\count118
\andhelp@=\toks23
\eqnshift@=\dimen119
\alignsep@=\dimen120
\tagshift@=\dimen121
\tagwidth@=\dimen122
\totwidth@=\dimen123
\lineht@=\dimen124
\@envbody=\toks24
\multlinegap=\skip61
\multlinetaggap=\skip62
\mathdisplay@stack=\toks25
LaTeX Info: Redefining \[ on input line 2665.
LaTeX Info: Redefining \] on input line 2666.
)
(/usr/share/texlive/texmf-dist/tex/latex/amsfonts/amsfonts.sty
Package: amsfonts 2013/01/14 v3.01 Basic AMSFonts support
\symAMSa=\mathgroup4
\symAMSb=\mathgroup5
LaTeX Font Info:    Overwriting math alphabet `\mathfrak' in version `bold'
(Font)                  U/euf/m/n --> U/euf/b/n on input line 106.
)
(/usr/share/texlive/texmf-dist/tex/latex/amsfonts/amssymb.sty
Package: amssymb 2013/01/14 v3.01 AMS font symbols
)
(/usr/share/texlive/texmf-dist/tex/latex/base/textcomp.sty
Package: textcomp 2005/09/27 v1.99g Standard LaTeX package
Package textcomp Info: Sub-encoding information:
(textcomp)               5 = only ISO-Adobe without \textcurrency
(textcomp)               4 = 5 + \texteuro
(textcomp)               3 = 4 + \textohm
(textcomp)               2 = 3 + \textestimated + \textcurrency
(textcomp)               1 = TS1 - \textcircled - \t
(textcomp)               0 = TS1 (full)
(textcomp)             Font families with sub-encoding setting implement
(textcomp)             only a restricted character set as indicated.
(textcomp)             Family '?' is the default used for unknown fonts.
(textcomp)             See the documentation for details.
Package textcomp Info: Setting ? sub-encoding to TS1/1 on input line 71.

(/usr/share/texlive/texmf-dist/tex/latex/base/ts1enc.def
File: ts1enc.def 2001/06/05 v3.0e (jk/car/fm) Standard LaTeX file
)
LaTeX Info: Redefining \oldstylenums on input line 266.
Package textcomp Info: Setting cmr sub-encoding to TS1/0 on input line 281.
Package textcomp Info: Setting cmss sub-encoding to TS1/0 on input line 282.
Package textcomp Info: Setting cmtt sub-encoding to TS1/0 on input line 283.
Package textcomp Info: Setting cmvtt sub-encoding to TS1/0 on input line 284.
Package textcomp Info: Setting cmbr sub-encoding to TS1/0 on input line 285.
Package textcomp Info: Setting cmtl sub-encoding to TS1/0 on input line 286.
Package textcomp Info: Setting ccr sub-encoding to TS1/0 on input line 287.
Package textcomp Info: Setting ptm sub-encoding to TS1/4 on input line 288.
Package textcomp Info: Setting pcr sub-encoding to TS1/4 on input line 289.
Package textcomp Info: Setting phv sub-encoding to TS1/4 on input line 290.
Package textcomp Info: Setting ppl sub-encoding to TS1/3 on input line 291.
Package textcomp Info: Setting pag sub-encoding to TS1/4 on input line 292.
Package textcomp Info: Setting pbk sub-encoding to TS1/4 on input line 293.
Package textcomp Info: Setting pnc sub-encoding to TS1/4 on input line 294.
Package textcomp Info: Setting pzc sub-encoding to TS1/4 on input line 295.
Package textcomp Info: Setting bch sub-encoding to TS1/4 on input line 296.
Package textcomp Info: Setting put sub-encoding to TS1/5 on input line 297.
Package textcomp Info: Setting uag sub-encoding to TS1/5 on input line 298.
Package textcomp Info: Setting ugq sub-encoding to TS1/5 on input line 299.
Package textcomp Info: Setting ul8 sub-encoding to TS1/4 on input line 300.
Package textcomp Info: Setting ul9 sub-encoding to TS1/4 on input line 301.
Package textcomp Info: Setting augie sub-encoding to TS1/5 on input line 302.
Package textcomp Info: Setting dayrom sub-encoding to TS1/3 on input line 303.
Package textcomp Info: Setting dayroms sub-encoding to TS1/3 on input line 304.

Package textcomp Info: Setting pxr sub-encoding to TS1/0 on input line 305.
Package textcomp Info: Setting pxss sub-encoding to TS1/0 on input line 306.
Package textcomp Info: Setting pxtt sub-encoding to TS1/0 on input line 307.
Package textcomp Info: Setting txr sub-encoding to TS1/0 on input line 308.
Package textcomp Info: Setting txss sub-encoding to TS1/0 on input line 309.
Package textcomp Info: Setting txtt sub-encoding to TS1/0 on input line 310.
Package textcomp Info: Setting lmr sub-encoding to TS1/0 on input line 311.
Package textcomp Info: Setting lmdh sub-encoding to TS1/0 on input line 312.
Package textcomp Info: Setting lmss sub-encoding to TS1/0 on input line 313.
Package textcomp Info: Setting lmssq sub-encoding to TS1/0 on input line 314.
Package textcomp Info: Setting lmvtt sub-encoding to TS1/0 on input line 315.
Package textcomp Info: Setting qhv sub-encoding to TS1/0 on input line 316.
Package textcomp Info: Setting qag sub-encoding to TS1/0 on input line 317.
Package textcomp Info: Setting qbk sub-encoding to TS1/0 on input line 318.
Package textcomp Info: Setting qcr sub-encoding to TS1/0 on input line 319.
Package textcomp Info: Setting qcs sub-encoding to TS1/0 on input line 320.
Package textcomp Info: Setting qpl sub-encoding to TS1/0 on input line 321.
Package textcomp Info: Setting qtm sub-encoding to TS1/0 on input line 322.
Package textcomp Info: Setting qzc sub-encoding to TS1/0 on input line 323.
Package textcomp Info: Setting qhvc sub-encoding to TS1/0 on input line 324.
Package textcomp Info: Setting futs sub-encoding to TS1/4 on input line 325.
Package textcomp Info: Setting futx sub-encoding to TS1/4 on input line 326.
Package textcomp Info: Setting futj sub-encoding to TS1/4 on input line 327.
Package textcomp Info: Setting hlh sub-encoding to TS1/3 on input line 328.
Package textcomp Info: Setting hls sub-encoding to TS1/3 on input line 329.
Package textcomp Info: Setting hlst sub-encoding to TS1/3 on input line 330.
Package textcomp Info: Setting hlct sub-encoding to TS1/5 on input line 331.
Package textcomp Info: Setting hlx sub-encoding to TS1/5 on input line 332.
Package textcomp Info: Setting hlce sub-encoding to TS1/5 on input line 333.
Package textcomp Info: Setting hlcn sub-encoding to TS1/5 on input line 334.
Package textcomp Info: Setting hlcw sub-encoding to TS1/5 on input line 335.
Package textcomp Info: Setting hlcf sub-encoding to TS1/5 on input line 336.
Package textcomp Info: Setting pplx sub-encoding to TS1/3 on input line 337.
Package textcomp Info: Setting pplj sub-encoding to TS1/3 on input line 338.
Package textcomp Info: Setting ptmx sub-encoding to TS1/4 on input line 339.
Package textcomp Info: Setting ptmj sub-encoding to TS1/4 on input line 340.
)
(/usr/share/texlive/texmf-dist/tex/latex/yhmath/yhmath.sty
Package: yhmath 
LaTeX Font Info:    Redeclaring symbol font `largesymbols' on input line 12.
LaTeX Font Info:    Overwriting symbol font `largesymbols' in version `normal'
(Font)                  OMX/cmex/m/n --> OMX/yhex/m/n on input line 12.
LaTeX Font Info:    Overwriting symbol font `largesymbols' in version `bold'
(Font)                  OMX/cmex/m/n --> OMX/yhex/m/n on input line 12.
LaTeX Font Info:    Redeclaring math accent \widetilde on input line 13.
LaTeX Font Info:    Redeclaring math accent \widehat on input line 14.
)
(/usr/share/texlive/texmf-dist/tex/latex/base/makeidx.sty
Package: makeidx 2000/03/29 v1.0m Standard LaTeX package
)
(/usr/share/texlive/texmf-dist/tex/generic/babel/babel.sty
Package: babel 2013/12/03 3.9h The Babel package

(/usr/share/texlive/texmf-dist/tex/generic/babel-german/germanb.ldf
Language: germanb 2013/12/13 v2.7 German support for babel (traditional orthogr
aphy)

(/usr/share/texlive/texmf-dist/tex/generic/babel/babel.def
File: babel.def 2013/12/03 3.9h Babel common definitions
\babel@savecnt=\count119
\U@D=\dimen125
)
\l@austrian = a dialect from \language\l@german 
Package babel Info: Making " an active character on input line 107.
)
(/usr/share/texlive/texmf-dist/tex/generic/babel-english/english.ldf
Language: english 2012/08/20 v3.3p English support from the babel system
\l@canadian = a dialect from \language\l@american 
\l@australian = a dialect from \language\l@british 
\l@newzealand = a dialect from \language\l@british 
))
(/usr/share/texlive/texmf-dist/tex/latex/base/inputenc.sty
Package: inputenc 2008/03/30 v1.1d Input encoding file
\inpenc@prehook=\toks26
\inpenc@posthook=\toks27

(/usr/share/texlive/texmf-dist/tex/latex/base/latin1.def
File: latin1.def 2008/03/30 v1.1d Input encoding file
))
(./styles/shortoverview.sty

LaTeX Warning: You have requested package `styles/shortoverview',
               but the package provides `shortoverview'.

Package: shortoverview 
) (/usr/share/texlive/texmf-dist/tex/latex/oberdiek/epstopdf.sty
Package: epstopdf 2010/02/09 v2.5 Conversion with epstopdf on the fly (HO)

(/usr/share/texlive/texmf-dist/tex/latex/oberdiek/epstopdf-base.sty
Package: epstopdf-base 2010/02/09 v2.5 Base part for package epstopdf

(/usr/share/texlive/texmf-dist/tex/latex/oberdiek/grfext.sty
Package: grfext 2010/08/19 v1.1 Manage graphics extensions (HO)

(/usr/share/texlive/texmf-dist/tex/generic/oberdiek/kvdefinekeys.sty
Package: kvdefinekeys 2011/04/07 v1.3 Define keys (HO)
))
(/usr/share/texlive/texmf-dist/tex/latex/oberdiek/kvoptions.sty
Package: kvoptions 2011/06/30 v3.11 Key value format for package options (HO)

(/usr/share/texlive/texmf-dist/tex/generic/oberdiek/kvsetkeys.sty
Package: kvsetkeys 2012/04/25 v1.16 Key value parser (HO)

(/usr/share/texlive/texmf-dist/tex/generic/oberdiek/etexcmds.sty
Package: etexcmds 2011/02/16 v1.5 Avoid name clashes with e-TeX commands (HO)

(/usr/share/texlive/texmf-dist/tex/generic/oberdiek/ifluatex.sty
Package: ifluatex 2010/03/01 v1.3 Provides the ifluatex switch (HO)
Package ifluatex Info: LuaTeX not detected.
)
Package etexcmds Info: Could not find \expanded.
(etexcmds)             That can mean that you are not using pdfTeX 1.50 or
(etexcmds)             that some package has redefined \expanded.
(etexcmds)             In the latter case, load this package earlier.
)))
(/usr/share/texlive/texmf-dist/tex/generic/oberdiek/pdftexcmds.sty
Package: pdftexcmds 2011/11/29 v0.20 Utility functions of pdfTeX for LuaTeX (HO
)
Package pdftexcmds Info: LuaTeX not detected.
Package pdftexcmds Info: \pdf@primitive is available.
Package pdftexcmds Info: \pdf@ifprimitive is available.
Package pdftexcmds Info: \pdfdraftmode found.
)

Package epstopdf Warning: No graphics package `graphic{s,x}' loaded.

)) (/usr/share/texlive/texmf-dist/tex/latex/graphics/graphicx.sty
Package: graphicx 1999/02/16 v1.0f Enhanced LaTeX Graphics (DPC,SPQR)

(/usr/share/texlive/texmf-dist/tex/latex/graphics/graphics.sty
Package: graphics 2009/02/05 v1.0o Standard LaTeX Graphics (DPC,SPQR)

(/usr/share/texlive/texmf-dist/tex/latex/graphics/trig.sty
Package: trig 1999/03/16 v1.09 sin cos tan (DPC)
)
(/usr/share/texlive/texmf-dist/tex/latex/latexconfig/graphics.cfg
File: graphics.cfg 2010/04/23 v1.9 graphics configuration of TeX Live
)
Package graphics Info: Driver file: pdftex.def on input line 91.
)
\Gin@req@height=\dimen126
\Gin@req@width=\dimen127
)
(/usr/share/texlive/texmf-dist/tex/latex/rotating/rotating.sty
Package: rotating 2009/03/28 v2.16a rotated objects in LaTeX
\c@r@tfl@t=\count120
\rotFPtop=\skip63
\rotFPbot=\skip64
\rot@float@box=\box31
\rot@mess@toks=\toks28
)
(/usr/share/texlive/texmf-dist/tex/latex/hyperref/hyperref.sty
Package: hyperref 2012/11/06 v6.83m Hypertext links for LaTeX

(/usr/share/texlive/texmf-dist/tex/generic/oberdiek/hobsub-hyperref.sty
Package: hobsub-hyperref 2012/05/28 v1.13 Bundle oberdiek, subset hyperref (HO)


(/usr/share/texlive/texmf-dist/tex/generic/oberdiek/hobsub-generic.sty
Package: hobsub-generic 2012/05/28 v1.13 Bundle oberdiek, subset generic (HO)
Package: hobsub 2012/05/28 v1.13 Construct package bundles (HO)
Package hobsub Info: Skipping package `infwarerr' (already loaded).
Package hobsub Info: Skipping package `ltxcmds' (already loaded).
Package hobsub Info: Skipping package `ifluatex' (already loaded).
Package hobsub Info: Skipping package `ifvtex' (already loaded).
Package: intcalc 2007/09/27 v1.1 Expandable calculations with integers (HO)
Package hobsub Info: Skipping package `ifpdf' (already loaded).
Package hobsub Info: Skipping package `etexcmds' (already loaded).
Package hobsub Info: Skipping package `kvsetkeys' (already loaded).
Package hobsub Info: Skipping package `kvdefinekeys' (already loaded).
Package hobsub Info: Skipping package `pdftexcmds' (already loaded).
Package: pdfescape 2011/11/25 v1.13 Implements pdfTeX's escape features (HO)
Package: bigintcalc 2012/04/08 v1.3 Expandable calculations on big integers (HO
)
Package: bitset 2011/01/30 v1.1 Handle bit-vector datatype (HO)
Package: uniquecounter 2011/01/30 v1.2 Provide unlimited unique counter (HO)
)
Package hobsub Info: Skipping package `hobsub' (already loaded).
Package: letltxmacro 2010/09/02 v1.4 Let assignment for LaTeX macros (HO)
Package: hopatch 2012/05/28 v1.2 Wrapper for package hooks (HO)
Package: xcolor-patch 2011/01/30 xcolor patch
Package: atveryend 2011/06/30 v1.8 Hooks at the very end of document (HO)
Package atveryend Info: \enddocument detected (standard20110627).
Package: atbegshi 2011/10/05 v1.16 At begin shipout hook (HO)
Package: refcount 2011/10/16 v3.4 Data extraction from label references (HO)
Package: hycolor 2011/01/30 v1.7 Color options for hyperref/bookmark (HO)
)
(/usr/share/texlive/texmf-dist/tex/latex/oberdiek/auxhook.sty
Package: auxhook 2011/03/04 v1.3 Hooks for auxiliary files (HO)
)
\@linkdim=\dimen128
\Hy@linkcounter=\count121
\Hy@pagecounter=\count122

(/usr/share/texlive/texmf-dist/tex/latex/hyperref/pd1enc.def
File: pd1enc.def 2012/11/06 v6.83m Hyperref: PDFDocEncoding definition (HO)
)
\Hy@SavedSpaceFactor=\count123

(/usr/share/texlive/texmf-dist/tex/latex/latexconfig/hyperref.cfg
File: hyperref.cfg 2002/06/06 v1.2 hyperref configuration of TeXLive
)
Package hyperref Info: Option `colorlinks' set `true' on input line 4319.
Package hyperref Info: Option `bookmarks' set `true' on input line 4319.
Package hyperref Info: Option `bookmarksopen' set `true' on input line 4319.


Package hyperref Warning: Unexpected value `falsebookmarksnumbered'
(hyperref)                of option `plainpages' instead of
(hyperref)                `true' or 'false' on input line 4319.

Package hyperref Info: Option `hyperindex' set `false' on input line 4319.
Package hyperref Info: Hyper figures OFF on input line 4443.
Package hyperref Info: Link nesting OFF on input line 4448.
Package hyperref Info: Hyper index OFF on input line 4453.
Package hyperref Info: Plain pages OFF on input line 4458.
Package hyperref Info: Backreferencing OFF on input line 4463.
Package hyperref Info: Implicit mode ON; LaTeX internals redefined.
Package hyperref Info: Bookmarks ON on input line 4688.
\c@Hy@tempcnt=\count124
(/usr/share/texlive/texmf-dist/tex/latex/url/url.sty
\Urlmuskip=\muskip11
Package: url 2013/09/16  ver 3.4  Verb mode for urls, etc.
)
LaTeX Info: Redefining \url on input line 5041.
\XeTeXLinkMargin=\dimen129
\Fld@menulength=\count125
\Field@Width=\dimen130
\Fld@charsize=\dimen131
Package hyperref Info: Hyper figures OFF on input line 6295.
Package hyperref Info: Link nesting OFF on input line 6300.
Package hyperref Info: Hyper index OFF on input line 6305.
Package hyperref Info: backreferencing OFF on input line 6310.
Package hyperref Info: Link coloring ON on input line 6313.
Package hyperref Info: Link coloring with OCG OFF on input line 6320.
Package hyperref Info: PDF/A mode OFF on input line 6325.
LaTeX Info: Redefining \ref on input line 6365.
LaTeX Info: Redefining \pageref on input line 6369.
\Hy@abspage=\count126
\c@Item=\count127
\c@Hfootnote=\count128
)

Package hyperref Message: Driver: hpdftex.

(/usr/share/texlive/texmf-dist/tex/latex/hyperref/hpdftex.def
File: hpdftex.def 2012/11/06 v6.83m Hyperref driver for pdfTeX
\Fld@listcount=\count129
\c@bookmark@seq@number=\count130

(/usr/share/texlive/texmf-dist/tex/latex/oberdiek/rerunfilecheck.sty
Package: rerunfilecheck 2011/04/15 v1.7 Rerun checks for auxiliary files (HO)
Package uniquecounter Info: New unique counter `rerunfilecheck' on input line 2
82.
)
\Hy@SectionHShift=\skip65
))
(./components/commands.tex
\c@theorem=\count131
)
\@glossaryfile=\write3
\openout3 = `main.glo'.


Writing glossary file main.glo 
(./main.aux)
\openout1 = `main.aux'.

LaTeX Font Info:    Checking defaults for OML/cmm/m/it on input line 46.
LaTeX Font Info:    ... okay on input line 46.
LaTeX Font Info:    Checking defaults for T1/cmr/m/n on input line 46.
LaTeX Font Info:    ... okay on input line 46.
LaTeX Font Info:    Checking defaults for OT1/cmr/m/n on input line 46.
LaTeX Font Info:    ... okay on input line 46.
LaTeX Font Info:    Checking defaults for OMS/cmsy/m/n on input line 46.
LaTeX Font Info:    ... okay on input line 46.
LaTeX Font Info:    Checking defaults for OMX/cmex/m/n on input line 46.
LaTeX Font Info:    ... okay on input line 46.
LaTeX Font Info:    Checking defaults for U/cmr/m/n on input line 46.
LaTeX Font Info:    ... okay on input line 46.
LaTeX Font Info:    Checking defaults for TS1/cmr/m/n on input line 46.
LaTeX Font Info:    Try loading font information for TS1+cmr on input line 46.
 (/usr/share/texlive/texmf-dist/tex/latex/base/ts1cmr.fd
File: ts1cmr.fd 1999/05/25 v2.5h Standard LaTeX font definitions
)
LaTeX Font Info:    ... okay on input line 46.
LaTeX Font Info:    Checking defaults for PD1/pdf/m/n on input line 46.
LaTeX Font Info:    ... okay on input line 46.
LaTeX Font Info:    Try loading font information for OT1+ppl on input line 46.

(/usr/share/texlive/texmf-dist/tex/latex/psnfss/ot1ppl.fd
File: ot1ppl.fd 2001/06/04 font definitions for OT1/ppl.
)
*geometry* driver: auto-detecting
*geometry* detected driver: pdftex
*geometry* verbose mode - [ preamble ] result:
* driver: pdftex
* paper: a4paper
* layout: <same size as paper>
* layoutoffset:(h,v)=(0.0pt,0.0pt)
* bindingoffset: 14.45377pt
* modes: twoside 
* h-part:(L,W,R)=(86.72377pt, 409.60657pt, 86.72377pt)
* v-part:(T,H,B)=(130.08621pt, 628.23686pt, 86.72377pt)
* \paperwidth=597.50787pt
* \paperheight=845.04684pt
* \textwidth=409.60657pt
* \textheight=628.23686pt
* \oddsidemargin=28.90755pt
* \evensidemargin=14.45378pt
* \topmargin=17.94122pt
* \headheight=18.125pt
* \headsep=21.75pt
* \topskip=12.0pt
* \footskip=36.135pt
* \marginparwidth=65.0036pt
* \marginparsep=12.8401pt
* \columnsep=10.0pt
* \skip\footins=10.8pt plus 4.0pt minus 2.0pt
* \hoffset=0.0pt
* \voffset=0.0pt
* \mag=1000
* \@twocolumnfalse
* \@twosidetrue
* \@mparswitchtrue
* \@reversemarginfalse
* (1in=72.27pt=25.4mm, 1cm=28.453pt)

(/usr/share/texlive/texmf-dist/tex/context/base/supp-pdf.mkii
[Loading MPS to PDF converter (version 2006.09.02).]
\scratchcounter=\count132
\scratchdimen=\dimen132
\scratchbox=\box32
\nofMPsegments=\count133
\nofMParguments=\count134
\everyMPshowfont=\toks29
\MPscratchCnt=\count135
\MPscratchDim=\dimen133
\MPnumerator=\count136
\makeMPintoPDFobject=\count137
\everyMPtoPDFconversion=\toks30
)
\AtBeginShipoutBox=\box33
Package hyperref Info: Link coloring ON on input line 46.
 (/usr/share/texlive/texmf-dist/tex/latex/hyperref/nameref.sty
Package: nameref 2012/10/27 v2.43 Cross-referencing by name of section

(/usr/share/texlive/texmf-dist/tex/generic/oberdiek/gettitlestring.sty
Package: gettitlestring 2010/12/03 v1.4 Cleanup title references (HO)
)
\c@section@level=\count138
)
LaTeX Info: Redefining \ref on input line 46.
LaTeX Info: Redefining \pageref on input line 46.
LaTeX Info: Redefining \nameref on input line 46.

(./main.out) (./main.out)
\@outlinefile=\write4
\openout4 = `main.out'.

 (./components/cover.tex

Class scrbook Warning: Usage of deprecated font command `\bf'!
(scrbook)              You should note, that in 1994 font command `\bf' has
(scrbook)              been defined for compatiblitiy to Script 2.0 only.
(scrbook)              Now, after two decades of LaTeX2e and NFSS2, you
(scrbook)              shouldn't use such commands any longer and within
(scrbook)              KOMA-Script usage of `\bf' is definitely deprecated.
(scrbook)              See `fntguide.pdf' for more information about
(scrbook)              recommended font commands.
(scrbook)              Note also, that KOMA-Script will remove the definition
(scrbook)              of `\bf' anytime until release of about version 3.20.
(scrbook)              But for now, KOMA-Script will replace deprecated `\bf'
(scrbook)              by `\normalfont \bfseries ' on input line 43.

LaTeX Font Info:    Font shape `OT1/ppl/bx/n' in size <24.88> not available
(Font)              Font shape `OT1/ppl/b/n' tried instead on input line 43.
<styles/informat.png, id=194, 355.3275pt x 355.3275pt>
File: styles/informat.png Graphic file (type png)

<use styles/informat.png>
Package pdftex.def Info: styles/informat.png used on input line 55.
(pdftex.def)             Requested size: 113.81102pt x 113.81012pt.
) [1



{/var/lib/texmf/fonts/map/pdftex/updmap/pdftex.map} <./styles/informat.png>] [2

] (./components/titlepage.tex
LaTeX Font Info:    Try loading font information for OMX+yhex on input line 46.


(/usr/share/texlive/texmf-dist/tex/latex/yhmath/OMXyhex.fd
File: OMXyhex.fd 
File: OMXyhex.fd 2013/07/03 v1.1 YH's humble contribution to TeX maths (NP)
)
LaTeX Font Info:    External font `yhcmex10' loaded for size
(Font)              <12> on input line 46.
LaTeX Font Info:    External font `yhcmex10' loaded for size
(Font)              <8> on input line 46.
LaTeX Font Info:    External font `yhcmex10' loaded for size
(Font)              <6> on input line 46.
LaTeX Font Info:    Try loading font information for U+msa on input line 46.

(/usr/share/texlive/texmf-dist/tex/latex/amsfonts/umsa.fd
File: umsa.fd 2013/01/14 v3.01 AMS symbols A
)
LaTeX Font Info:    Try loading font information for U+msb on input line 46.

(/usr/share/texlive/texmf-dist/tex/latex/amsfonts/umsb.fd
File: umsb.fd 2013/01/14 v3.01 AMS symbols B
)
File: styles/informat.png Graphic file (type png)

<use styles/informat.png>
Package pdftex.def Info: styles/informat.png used on input line 57.
(pdftex.def)             Requested size: 113.81102pt x 113.81012pt.
) (./components/disclaimer.tex [3] [4

]
Underfull \hbox (badness 10000) in paragraph at lines 7--13

 []

[5]) [6


] (./components/abstract.tex

Class scrbook Warning: Usage of deprecated font command `\bf'!
(scrbook)              You should note, that in 1994 font command `\bf' has
(scrbook)              been defined for compatiblitiy to Script 2.0 only.
(scrbook)              Now, after two decades of LaTeX2e and NFSS2, you
(scrbook)              shouldn't use such commands any longer and within
(scrbook)              KOMA-Script usage of `\bf' is definitely deprecated.
(scrbook)              See `fntguide.pdf' for more information about
(scrbook)              recommended font commands.
(scrbook)              Note also, that KOMA-Script will remove the definition
(scrbook)              of `\bf' anytime until release of about version 3.20.
(scrbook)              But for now, KOMA-Script will replace deprecated `\bf'
(scrbook)              by `\normalfont \bfseries ' on input line 15.

LaTeX Font Info:    Font shape `OT1/ppl/bx/n' in size <17.28> not available
(Font)              Font shape `OT1/ppl/b/n' tried instead on input line 15.
) (./components/acknowledgements.tex [1

] [2

]

Class scrbook Warning: Usage of deprecated font command `\bf'!
(scrbook)              You should note, that in 1994 font command `\bf' has
(scrbook)              been defined for compatiblitiy to Script 2.0 only.
(scrbook)              Now, after two decades of LaTeX2e and NFSS2, you
(scrbook)              shouldn't use such commands any longer and within
(scrbook)              KOMA-Script usage of `\bf' is definitely deprecated.
(scrbook)              See `fntguide.pdf' for more information about
(scrbook)              recommended font commands.
(scrbook)              Note also, that KOMA-Script will remove the definition
(scrbook)              of `\bf' anytime until release of about version 3.20.
(scrbook)              But for now, KOMA-Script will replace deprecated `\bf'
(scrbook)              by `\normalfont \bfseries ' on input line 11.

) [3] [4

]
LaTeX Font Info:    Font shape `OT1/ppl/bx/n' in size <12> not available
(Font)              Font shape `OT1/ppl/b/n' tried instead on input line 74.
 (./main.toc
LaTeX Font Info:    Font shape `OT1/ppl/bx/n' in size <14.4> not available
(Font)              Font shape `OT1/ppl/b/n' tried instead on input line 7.
 [5])
\tf@toc=\write5
\openout5 = `main.toc'.

 [6] [7

] [8] (./chapters/Introduction.tex
Chapter 1.

Class scrbook Warning: \float@addtolists detected!
(scrbook)              Implementation of \float@addtolist became
(scrbook)              deprecated in KOMA-Script v3.01 2008/11/14 and
(scrbook)              has been replaced by more several more flexible
(scrbook)              features of package `tocbasic`.
(scrbook)              Since Version 3.12 support for deprecated
(scrbook)              \float@addtolist interface has been
(scrbook)              restricted to only some of the KOMA-Script
(scrbook)              features and been removed from others.
(scrbook)              Loading of package `scrhack' may help to
(scrbook)              avoid this warning, if you are using a
(scrbook)              a package that still implements the
(scrbook)              deprecated \float@addtolist interface .

LaTeX Font Info:    Font shape `OT1/ppl/bx/it' in size <12> not available
(Font)              Font shape `OT1/ppl/b/it' tried instead on input line 9.
[9

]
Overfull \hbox (27.285pt too wide) in paragraph at lines 23--24
[]\OT1/ppl/m/n/12 Associative anaphora is a re-la-tion be-tween two ex-pres-sio
ns where the anaphora's
 []


Underfull \hbox (badness 10000) in paragraph at lines 23--24

 []

<figures/corefVsAnaphora.jpg, id=316, 353.82187pt x 203.25937pt>
File: figures/corefVsAnaphora.jpg Graphic file (type jpg)

<use figures/corefVsAnaphora.jpg>
Package pdftex.def Info: figures/corefVsAnaphora.jpg used on input line 32.
(pdftex.def)             Requested size: 353.821pt x 203.25887pt.

Overfull \hbox (0.4051pt too wide) in paragraph at lines 45--46
[]\OT1/ppl/m/n/12 Hence, coref-er-ence is an equiv-a-lence re-la-tion (re-flex-
ive, sym-met-ric and tran-
 []

[10 <./figures/corefVsAnaphora.jpg>]
Overfull \hbox (11.28949pt too wide) in paragraph at lines 47--48
[]\OT1/ppl/m/n/12 Summarizing, anaphora res-o-lu-tion is the task of find-ing m
en-tions (anaphoras)
 []

LaTeX Font Info:    Try loading font information for TS1+ppl on input line 57.
(/usr/share/texlive/texmf-dist/tex/latex/psnfss/ts1ppl.fd
File: ts1ppl.fd 2001/06/04 font definitions for TS1/ppl.
) [11]
<figures/bioNLP.jpg, id=330, 688.5725pt x 335.2525pt>
File: figures/bioNLP.jpg Graphic file (type jpg)
 <use figures/bioNLP.jpg>
Package pdftex.def Info: figures/bioNLP.jpg used on input line 65.
(pdftex.def)             Requested size: 413.14668pt x 201.15305pt.

Overfull \hbox (3.54012pt too wide) in paragraph at lines 65--66
 [] 
 []

LaTeX Font Info:    External font `yhcmex10' loaded for size
(Font)              <10> on input line 70.
LaTeX Font Info:    External font `yhcmex10' loaded for size
(Font)              <7> on input line 70.
LaTeX Font Info:    External font `yhcmex10' loaded for size
(Font)              <5> on input line 70.

Underfull \hbox (badness 10000) in paragraph at lines 72--73

 []

LaTeX Font Info:    Try loading font information for OT1+qcr on input line 75.
(/usr/share/texmf/tex/latex/tex-gyre/ot1qcr.fd
File: ot1qcr.fd 2009/09/25 v1.2 font definition file for OT1/qcr
)
Underfull \hbox (badness 10000) in paragraph at lines 90--91

 []

[12 <./figures/bioNLP.jpg>]
Underfull \hbox (badness 10000) in paragraph at lines 121--122

 []

[13]
Underfull \hbox (badness 10000) in paragraph at lines 127--128

 []


Overfull \hbox (17.44388pt too wide) in paragraph at lines 132--133
[]\OT1/ppl/m/n/12 The sys-tem that I built pro-duce three types of anaphora-ant
ecedent links(pairs): 
 []


Underfull \hbox (badness 10000) in paragraph at lines 141--142

 []


Underfull \hbox (badness 10000) in paragraph at lines 142--143

 []


Underfull \hbox (badness 10000) in paragraph at lines 143--144

 []


Underfull \hbox (badness 10000) in paragraph at lines 145--147

 []


Underfull \hbox (badness 10000) in paragraph at lines 147--149

 []


Underfull \hbox (badness 10000) in paragraph at lines 149--151

 []


Underfull \hbox (badness 10000) in paragraph at lines 151--153

 []

[14]
Underfull \hbox (badness 10000) in paragraph at lines 153--154

 []

[15]) (./chapters/2C.tex [16]
Chapter 2.

Underfull \hbox (badness 10000) in paragraph at lines 13--16

 []


Underfull \hbox (badness 10000) in paragraph at lines 17--18

 []

[17

]
Underfull \hbox (badness 10000) in paragraph at lines 19--20

 []


Underfull \hbox (badness 10000) in paragraph at lines 23--24

 []


Underfull \hbox (badness 10000) in paragraph at lines 25--26

 []


Underfull \hbox (badness 10000) in paragraph at lines 27--28

 []


Underfull \hbox (badness 10000) in paragraph at lines 29--30

 []


Underfull \hbox (badness 10000) in paragraph at lines 31--32

 []

<figures/EnjuParser1.png, id=367, 684.5575pt x 764.8575pt>
File: figures/EnjuParser1.png Graphic file (type png)

<use figures/EnjuParser1.png>
Package pdftex.def Info: figures/EnjuParser1.png used on input line 35.
(pdftex.def)             Requested size: 273.81815pt x 305.93758pt.
 [18]
Underfull \hbox (badness 10000) in paragraph at lines 41--42

 []


Underfull \hbox (badness 10000) in paragraph at lines 47--48

 []

[19 <./figures/EnjuParser1.png>]
Underfull \hbox (badness 10000) in paragraph at lines 49--50

 []


Underfull \hbox (badness 10000) in paragraph at lines 53--54

 []


Underfull \hbox (badness 10000) in paragraph at lines 55--56

 []


Underfull \hbox (badness 10000) in paragraph at lines 57--58

 []


Underfull \hbox (badness 10000) in paragraph at lines 59--60

 []


Underfull \hbox (badness 10000) in paragraph at lines 61--62

 []

[20]
Overfull \hbox (2.85384pt too wide) in paragraph at lines 69--70
\OT1/ppl/m/n/12 Words and gram-mat-i-cal rules are the fun-da-men-tal el-e-ment
s to cre-at-ing a gram-
 []

[21] <figures/nounPhraseREcursive.jpg, id=388, 295.1025pt x 194.22563pt>
File: figures/nounPhraseREcursive.jpg Graphic file (type jpg)

<use figures/nounPhraseREcursive.jpg>
Package pdftex.def Info: figures/nounPhraseREcursive.jpg used on input line 84.

(pdftex.def)             Requested size: 206.57033pt x 135.957pt.

Underfull \hbox (badness 10000) in paragraph at lines 90--91

 []


Underfull \hbox (badness 10000) in paragraph at lines 106--107

 []

[22 <./figures/nounPhraseREcursive.jpg>] [23]
Overfull \hbox (7.08913pt too wide) in paragraph at lines 156--157
[]\OT1/ppl/m/n/12 Another clas-si-fi-ca-tion of sen-tences is based on the num-
ber and type of clauses
 []


Underfull \hbox (badness 10000) in paragraph at lines 166--167

 []

[24]
Underfull \hbox (badness 10000) in paragraph at lines 174--175

 []


Underfull \hbox (badness 10000) in paragraph at lines 182--183

 []

) [25] [26

] [27] [28] (./chapters/3C.tex
Chapter 3.
[29

]
Package hyperref Info: bookmark level for unknown algorithm defaults to 0 on in
put line 19.
 <figures/hobbs.jpg, id=423, 620.3175pt x 319.94531pt>
File: figures/hobbs.jpg Graphic file (type jpg)

<use figures/hobbs.jpg>
Package pdftex.def Info: figures/hobbs.jpg used on input line 44.
(pdftex.def)             Requested size: 372.19337pt x 191.96866pt.


LaTeX Warning: `h' float specifier changed to `ht'.


Overfull \hbox (0.30931pt too wide) in paragraph at lines 49--50
[]\OT1/ppl/m/n/12 The trend of build-ing coref-er-ence and anaphora res-o-lu-ti
on al-go-rithms based
 []


Overfull \hbox (11.02478pt too wide) in paragraph at lines 55--56
[]\OT1/ppl/m/n/12 When sci-en-tists started to de-velop coref-er-ence res-o-lu-
tion sys-tems they needed
 []

[30]
Overfull \hbox (17.73306pt too wide) in paragraph at lines 59--60
\OT1/ppl/m/n/12 clin-i-cal do-main; and in lan-guages:Arabic, Chi-nese, Dutch, 
En-glish, French,Italian,
 []


Underfull \vbox (badness 10000) has occurred while \output is active []

 [31 <./figures/hobbs.jpg>] [32] [33]
<figures/Enju_output.jpg, id=446, 478.78876pt x 633.86812pt>
File: figures/Enju_output.jpg Graphic file (type jpg)

<use figures/Enju_output.jpg>
Package pdftex.def Info: figures/Enju_output.jpg used on input line 124.
(pdftex.def)             Requested size: 119.69688pt x 158.46664pt.
 [34 <./figures/Enju_output.jpg>]
<figures/Extended.jpg, id=452, 807.015pt x 553.31718pt>
File: figures/Extended.jpg Graphic file (type jpg)

<use figures/Extended.jpg>
Package pdftex.def Info: figures/Extended.jpg used on input line 137.
(pdftex.def)             Requested size: 201.75325pt x 138.32895pt.
) (./chapters/4C.tex [35 <./figures/Extended.jpg>]
[36

]
Chapter 4.
[37] [38] <figures/architecture.png, id=473, 191.9672pt x 303.38344pt>
File: figures/architecture.png Graphic file (type png)

<use figures/architecture.png>
Package pdftex.def Info: figures/architecture.png used on input line 46.
(pdftex.def)             Requested size: 153.57396pt x 242.70708pt.

Overfull \hbox (4.93376pt too wide) in paragraph at lines 60--60
[]|\OT1/ppl/m/n/10 Preprocessing
 []


Underfull \hbox (badness 10000) in paragraph at lines 60--60
\OT1/ppl/m/n/10 of sen-tence
 []


Underfull \hbox (badness 10000) in paragraph at lines 62--62
[]|\OT1/ppl/m/n/10 Markable
 []


Underfull \hbox (badness 10000) in paragraph at lines 64--64
[]|\OT1/ppl/m/n/10 Anaphora
 []


Underfull \hbox (badness 10000) in paragraph at lines 66--66
[]|\OT1/ppl/m/n/10 Antecedent
 []


Underfull \hbox (badness 10000) in paragraph at lines 66--66
\OT1/ppl/m/n/10 can-di-date
 []


Underfull \hbox (badness 10000) in paragraph at lines 66--66
\OT1/ppl/m/n/10 se-lec-tion
 []


Underfull \hbox (badness 10000) in paragraph at lines 66--66
\OT1/ppl/m/n/10 and an-
 []

LaTeX Font Info:    Font shape `OT1/ppl/bx/n' in size <10> not available
(Font)              Font shape `OT1/ppl/b/n' tried instead on input line 66.

Underfull \hbox (badness 10000) in paragraph at lines 68--68
[]|\OT1/ppl/m/n/10 Predict
 []

LaTeX Font Info:    Font shape `OT1/ppl/bx/it' in size <10> not available
(Font)              Font shape `OT1/ppl/b/it' tried instead on input line 68.

LaTeX Warning: Float too large for page by 16.763pt on input line 71.

[39 <./figures/architecture.png>] [40]
<figures/SameHeadWord.jpg, id=485, 467.49657pt x 625.58719pt>
File: figures/SameHeadWord.jpg Graphic file (type jpg)

<use figures/SameHeadWord.jpg>
Package pdftex.def Info: figures/SameHeadWord.jpg used on input line 84.
(pdftex.def)             Requested size: 186.99532pt x 250.23044pt.

<figures/removeSubordinateClause.jpg, id=486, 960.58875pt x 597.73312pt>
File: figures/removeSubordinateClause.jpg Graphic file (type jpg)

<use figures/removeSubordinateClause.jpg>
Package pdftex.def Info: figures/removeSubordinateClause.jpg used on input line
 94.
(pdftex.def)             Requested size: 432.26094pt x 268.97742pt.

Overfull \hbox (22.65437pt too wide) in paragraph at lines 94--95
 [] 
 []


LaTeX Warning: `h' float specifier changed to `ht'.

[41 <./figures/SameHeadWord.jpg>] [42 <./figures/removeSubordinateClause.jpg>]
Overfull \hbox (5.83984pt too wide) in paragraph at lines 132--133
[]\OT1/ppl/m/n/12 their head noun was fac-tor(s), molecule(s), el-e-ment(s), fa
m-ily, in-hibitor(s),
 []


Underfull \hbox (badness 10000) in paragraph at lines 137--138

 []

[43] [44] [45] [46] [47]
<figures/relative.jpg, id=525, 655.69969pt x 343.2825pt>
File: figures/relative.jpg Graphic file (type jpg)

<use figures/relative.jpg>
Package pdftex.def Info: figures/relative.jpg used on input line 286.
(pdftex.def)             Requested size: 393.42285pt x 205.97107pt.

<figures/PersonalPronounsNP.jpg, id=526, 755.07094pt x 467.49657pt>
File: figures/PersonalPronounsNP.jpg Graphic file (type jpg)

<use figures/PersonalPronounsNP.jpg>
Package pdftex.def Info: figures/PersonalPronounsNP.jpg used on input line 299.

(pdftex.def)             Requested size: 400.18568pt x 247.772pt.


LaTeX Warning: `h' float specifier changed to `ht'.

pdfTeX warning (ext4): destination with the same identifier (name{Hfootnote.6})
 has been already used, duplicate ignored
<to be read again> 
                   \relax 
l.305 ...tion of HSI." is taken from PMID-9794375}
                                                   [48 <./figures/relative.jpg>
] <figures/PersonalPronounsVP.jpg, id=532, 834.86906pt x 443.40656pt>
File: figures/PersonalPronounsVP.jpg Graphic file (type jpg)

<use figures/PersonalPronounsVP.jpg>
Package pdftex.def Info: figures/PersonalPronounsVP.jpg used on input line 311.

(pdftex.def)             Requested size: 417.43352pt x 221.70273pt.

Overfull \hbox (7.82695pt too wide) in paragraph at lines 311--312
 [] 
 []


LaTeX Warning: `h' float specifier changed to `ht'.

[49 <./figures/PersonalPronounsNP.jpg>]
<figures/PossesiveNP.jpg, id=542, 1258.7025pt x 707.64375pt>
File: figures/PossesiveNP.jpg Graphic file (type jpg)

<use figures/PossesiveNP.jpg>
Package pdftex.def Info: figures/PossesiveNP.jpg used on input line 325.
(pdftex.def)             Requested size: 377.61366pt x 212.29475pt.


LaTeX Warning: `h' float specifier changed to `ht'.

[50 <./figures/PersonalPronounsVP.jpg>]
File: figures/PossesiveNP.jpg Graphic file (type jpg)
 <use figures/PossesiveNP.jpg>
Package pdftex.def Info: figures/PossesiveNP.jpg used on input line 336.
(pdftex.def)             Requested size: 377.61366pt x 212.29475pt.


LaTeX Warning: `h' float specifier changed to `ht'.

) (./chapters/5C.tex [51 <./figures/PossesiveNP.jpg>] [52]
Chapter 5.
) [53

] [54] [55] [56

] (./main.lot)
\tf@lot=\write6
\openout6 = `main.lot'.

 [57] [58

] (./main.lof
Overfull \hbox (2.55322pt too wide) in paragraph at lines 17--17
 \OT1/ppl/m/n/12 I con-sid-ered as po-ten-tial can-di-date just the longest nou
n phrases 
 []


Overfull \hbox (0.76599pt too wide) in paragraph at lines 17--17
 \OT1/ppl/m/it/12 "This role for c-Myc in apop-to-sis"\OT1/ppl/m/n/12 .(In the 
Enju parser noun phrases 
 []


Overfull \hbox (0.50194pt too wide) in paragraph at lines 20--20
 [][] [][][]\OT1/ppl/m/n/12 Simulation of the rule when the anaphora is in the 
sec-ond clause 
 []

)
\tf@lof=\write7
\openout7 = `main.lof'.

 [59] [60

]
No file main.bbl.
(./chapters/6C.tex
Chapter 6.

Underfull \hbox (badness 10000) in paragraph at lines 3--76

 []


Underfull \hbox (badness 10000) in paragraph at lines 3--76

 []


Overfull \hbox (8.82674pt too wide) in paragraph at lines 3--76
[]\OT1/ppl/m/n/12 3[] Ngan Nguyen, Jin-Dong Kim, Makoto Miwa, Takuya Mat-suzaki
 and Jun'ichi
 []


Underfull \hbox (badness 10000) in paragraph at lines 3--76

 []


Underfull \hbox (badness 10000) in paragraph at lines 3--76

 []


Underfull \hbox (badness 10000) in paragraph at lines 3--76

 []


Overfull \hbox (4.29132pt too wide) in paragraph at lines 3--76
[]\OT1/ppl/m/n/12 6[]Laura Hasler, Con-stantin Orasan, and Karin Nau-mann.2006.
 NPs for events:
 []


Underfull \hbox (badness 10000) in paragraph at lines 3--76

 []


Overfull \hbox (36.22221pt too wide) in paragraph at lines 3--76
[]\OT1/ppl/m/n/12 7[] Jin-Dong Kim, Sampo Pyysalo,Tomoko Ohta,Robert Bossy, Nga
n Nguyen,Jun'ichi
 []


Underfull \hbox (badness 10000) in paragraph at lines 3--76

 []


Underfull \hbox (badness 10000) in paragraph at lines 3--76

 []


Overfull \hbox (23.22586pt too wide) in paragraph at lines 3--76
[]\OT1/ppl/m/n/12 9[] Fabio Celli and Mas-simo Poe-sio. Im-prov-ing Re-la-tion 
Ex-trac-tion with Anaphora
 []


Underfull \hbox (badness 10000) in paragraph at lines 3--76

 []


Underfull \hbox (badness 10000) in paragraph at lines 3--76

 []


Underfull \hbox (badness 10000) in paragraph at lines 3--76

 []


Underfull \hbox (badness 10000) in paragraph at lines 3--76

 []


Underfull \hbox (badness 10000) in paragraph at lines 3--76

 []


Underfull \hbox (badness 10000) in paragraph at lines 3--76

 []


Overfull \hbox (5.35876pt too wide) in paragraph at lines 3--76
[]\OT1/ppl/m/n/12 15[] S[]A\TS1/ppl/m/n/12 \OT1/ppl/m/n/12 tre, Rune, Kazuhiro
 Yoshida, Akane Yakushiji, Yusuke Miyao, Yuichiro
 []


Underfull \hbox (badness 10000) in paragraph at lines 3--76

 []


Overfull \hbox (0.93173pt too wide) in paragraph at lines 3--76
\OT1/ppl/m/it/12 Nat-u-ral Lan-guage Pro-cess-ing and Ma-chine Trans-la-tion: D
ARPA Global Au-tonomous
 []


Underfull \hbox (badness 10000) in paragraph at lines 3--76

 []


Overfull \hbox (13.15872pt too wide) in paragraph at lines 3--76
[]\OT1/ppl/m/n/12 17[] Huihsin Tseng, Pichuan Chang, Galen An-drew, Daniel Ju-r
af-sky and Christo-
 []


Underfull \hbox (badness 10000) in paragraph at lines 3--76

 []


Underfull \hbox (badness 10000) in paragraph at lines 3--76

 []


Underfull \hbox (badness 10000) in paragraph at lines 3--76

 []


Underfull \hbox (badness 10000) in paragraph at lines 3--76

 []


Overfull \hbox (20.66052pt too wide) in paragraph at lines 3--76
\OT1/ppl/m/n/12 Two uses of anaphora res-o-lu-tion in sum-ma-riza-tion in  \OT1
/ppl/m/it/12 J. Stein-berger et al.Information
 []


Underfull \hbox (badness 10000) in paragraph at lines 3--76

 []


Underfull \hbox (badness 10000) in paragraph at lines 3--76

 []


Overfull \hbox (5.14421pt too wide) in paragraph at lines 3--76
\OT1/ppl/m/n/12 based on entity-centric, precision-ranked rules. \OT1/ppl/m/it/
12 Com-pu-ta-tional Lin-guis-tics\OT1/ppl/m/n/12 , pages
 []


Underfull \hbox (badness 10000) in paragraph at lines 3--76

 []


Underfull \hbox (badness 10000) in paragraph at lines 3--76

 []


Underfull \hbox (badness 10000) in paragraph at lines 3--76

 []


Underfull \hbox (badness 10000) in paragraph at lines 3--76

 []


Underfull \hbox (badness 10000) in paragraph at lines 3--76

 []


Underfull \hbox (badness 10000) in paragraph at lines 3--76

 []


Underfull \hbox (badness 10000) in paragraph at lines 3--76

 []


Underfull \hbox (badness 10000) in paragraph at lines 3--76

 []


Underfull \hbox (badness 10000) in paragraph at lines 3--76

 []


Underfull \hbox (badness 10000) in paragraph at lines 3--76

 []


Underfull \hbox (badness 10000) in paragraph at lines 3--76

 []


Underfull \hbox (badness 10000) in paragraph at lines 3--76

 []


Underfull \hbox (badness 10000) in paragraph at lines 3--76

 []


Underfull \hbox (badness 10000) in paragraph at lines 3--76

 []


Underfull \hbox (badness 10000) in paragraph at lines 3--76

 []


Underfull \hbox (badness 10000) in paragraph at lines 3--76

 []


Underfull \hbox (badness 10000) in paragraph at lines 3--76

 []


Underfull \hbox (badness 10000) in paragraph at lines 3--76

 []


Underfull \hbox (badness 10000) in paragraph at lines 3--76

 []


Underfull \hbox (badness 10000) in paragraph at lines 3--76

 []


Underfull \hbox (badness 10000) in paragraph at lines 3--76

 []


Underfull \hbox (badness 10000) in paragraph at lines 3--76

 []


Underfull \hbox (badness 10000) in paragraph at lines 3--76

 []


Underfull \hbox (badness 10000) in paragraph at lines 3--76

 []


Underfull \hbox (badness 10000) in paragraph at lines 3--76

 []


Overfull \hbox (6.84605pt too wide) in paragraph at lines 3--76
[]\OT1/ppl/m/n/12 49[] Gasperin Sta-tis-ti-cal anaphora res-o-lu-tion Car-o-lin
e Gasperin and Ted Briscoe
 []


Underfull \hbox (badness 10000) in paragraph at lines 3--76

 []


Underfull \hbox (badness 10000) in paragraph at lines 3--76

 []


Underfull \hbox (badness 10000) in paragraph at lines 3--76

 []


Underfull \hbox (badness 10000) in paragraph at lines 3--76

 []


Underfull \hbox (badness 10000) in paragraph at lines 3--76

 []


Underfull \hbox (badness 10000) in paragraph at lines 3--76

 []


Underfull \hbox (badness 10000) in paragraph at lines 3--76

 []


Overfull \hbox (7.15921pt too wide) in paragraph at lines 3--76
[]\OT1/ppl/m/n/12 56[] Takashi Ni-nomiya, Takuya Mat-suzaki, Yoshi-masa Tsu-ruo
ka, Yusuke Miyao
 []


Underfull \hbox (badness 10000) in paragraph at lines 3--76

 []


Underfull \hbox (badness 10000) in paragraph at lines 3--76

 []


Underfull \hbox (badness 10000) in paragraph at lines 3--76

 []


Underfull \hbox (badness 10000) in paragraph at lines 3--76

 []


Overfull \hbox (5.35876pt too wide) in paragraph at lines 3--76
[]\OT1/ppl/m/n/12 60[] S[]A\TS1/ppl/m/n/12 \OT1/ppl/m/n/12 tre, Rune, Kazuhiro
 Yoshida, Akane Yakushiji, Yusuke Miyao, Yuichiro
 []


Underfull \hbox (badness 10000) in paragraph at lines 3--76

 []


Underfull \hbox (badness 10000) in paragraph at lines 3--76

 []


Underfull \hbox (badness 10000) in paragraph at lines 3--76

 []


Underfull \hbox (badness 10000) in paragraph at lines 3--76

 []


Underfull \hbox (badness 10000) in paragraph at lines 3--76

 []


Underfull \hbox (badness 10000) in paragraph at lines 3--76

 []


Underfull \hbox (badness 10000) in paragraph at lines 3--76

 []


Underfull \hbox (badness 10000) in paragraph at lines 3--76

 []


Overfull \hbox (10.736pt too wide) in paragraph at lines 3--76
\OT1/ppl/m/n/12 mining-assisted an-no-ta-tion of gene men-tions in PLOS full-te
xt ar-ti-cles. Database
 []


Underfull \hbox (badness 10000) in paragraph at lines 3--76

 []


Underfull \hbox (badness 10000) in paragraph at lines 3--76

 []


Underfull \hbox (badness 10000) in paragraph at lines 3--76

 []


Underfull \hbox (badness 10000) in paragraph at lines 3--76

 []


Underfull \hbox (badness 10000) in paragraph at lines 3--76

 []


Underfull \hbox (badness 10000) in paragraph at lines 3--76

 []


Underfull \hbox (badness 10000) in paragraph at lines 3--76

 []

[61

]
Underfull \vbox (badness 10000) has occurred while \output is active []

 [62]
Underfull \vbox (badness 10000) has occurred while \output is active []

 [63]
Underfull \vbox (badness 10000) has occurred while \output is active []

 [64]
Underfull \vbox (badness 10000) has occurred while \output is active []

 [65]
Underfull \vbox (badness 10000) has occurred while \output is active []

 [66])
Package atveryend Info: Empty hook `BeforeClearDocument' on input line 121.

[67]
Package atveryend Info: Empty hook `AfterLastShipout' on input line 121.
 (./main.aux)
Package atveryend Info: Executing hook `AtVeryEndDocument' on input line 121.
Package atveryend Info: Executing hook `AtEndAfterFileList' on input line 121.
Package rerunfilecheck Info: File `main.out' has not changed.
(rerunfilecheck)             Checksum: FB5F7D43524EDAB6C066081AC28AD82F;3466.
Package atveryend Info: Empty hook `AtVeryVeryEnd' on input line 121.
 ) 
Here is how much of TeX's memory you used:
 11190 strings out of 493304
 167803 string characters out of 6139871
 419191 words of memory out of 5000000
 14166 multiletter control sequences out of 15000+600000
 30886 words of font info for 79 fonts, out of 8000000 for 9000
 957 hyphenation exceptions out of 8191
 57i,14n,59p,1290b,519s stack positions out of 5000i,500n,10000p,200000b,80000s
{/usr/share/texmf/fonts/enc/dvips/tex-gyre/q-rmm.enc}{/usr/share/texlive/texm
f-dist/fonts/enc/dvips/base/8r.enc}</usr/share/texlive/texmf-dist/fonts/type1/p
ublic/amsfonts/cm/cmmi12.pfb></usr/share/texlive/texmf-dist/fonts/type1/public/
amsfonts/cm/cmmi8.pfb></usr/share/texlive/texmf-dist/fonts/type1/public/amsfont
s/cm/cmr12.pfb></usr/share/texlive/texmf-dist/fonts/type1/public/amsfonts/cm/cm
r6.pfb></usr/share/texlive/texmf-dist/fonts/type1/public/amsfonts/cm/cmr8.pfb><
/usr/share/texlive/texmf-dist/fonts/type1/public/amsfonts/cm/cmsy10.pfb></usr/s
hare/texlive/texmf-dist/fonts/type1/public/amsfonts/cm/cmsy8.pfb></usr/share/te
xmf/fonts/type1/public/tex-gyre/qcrr.pfb></usr/share/texlive/texmf-dist/fonts/t
ype1/urw/palatino/uplb8a.pfb></usr/share/texlive/texmf-dist/fonts/type1/urw/pal
atino/uplbi8a.pfb></usr/share/texlive/texmf-dist/fonts/type1/urw/palatino/uplr8
a.pfb></usr/share/texlive/texmf-dist/fonts/type1/urw/palatino/uplr8a.pfb></usr/
share/texlive/texmf-dist/fonts/type1/urw/palatino/uplri8a.pfb></usr/share/texli
ve/texmf-dist/fonts/type1/public/yhmath/yhcmex.pfb>
Output written on main.pdf (73 pages, 1227711 bytes).
PDF statistics:
 765 PDF objects out of 1000 (max. 8388607)
 647 compressed objects within 7 object streams
 158 named destinations out of 1000 (max. 500000)
 460 words of extra memory for PDF output out of 10000 (max. 10000000)

